#
# There is insufficient memory for the Java Runtime Environment to continue.
# Native memory allocation (malloc) failed to allocate 1048576 bytes for AllocateHeap
# Possible reasons:
#   The system is out of physical RAM or swap space
#   The process is running with CompressedOops enabled, and the Java Heap may be blocking the growth of the native heap
# Possible solutions:
#   Reduce memory load on the system
#   Increase physical memory or swap space
#   Check if swap backing store is full
#   Decrease Java heap size (-Xmx/-Xms)
#   Decrease number of Java threads
#   Decrease Java thread stack sizes (-Xss)
#   Set larger code cache with -XX:ReservedCodeCacheSize=
#   JVM is running with Zero Based Compressed Oops mode in which the Java heap is
#     placed in the first 32GB address space. The Java Heap base address is the
#     maximum limit for the native heap growth. Please use -XX:HeapBaseMinAddress
#     to set the Java Heap base and to place the Java Heap above 32GB virtual address.
# This output file may be truncated or incomplete.
#
#  Out of Memory Error (memory/allocation.inline.hpp:61), pid=24552, tid=0x0000000000004478
#
# JRE version:  (8.0_242-b01) (build )
# Java VM: OpenJDK 64-Bit Server VM (25.242-b01 mixed mode windows-amd64 compressed oops)
# Failed to write core dump. Minidumps are not enabled by default on client versions of Windows
#

---------------  T H R E A D  ---------------

Current thread (0x0000000002582800):  JavaThread "Unknown thread" [_thread_in_vm, id=17528, stack(0x0000000002480000,0x0000000002580000)]

Stack: [0x0000000002480000,0x0000000002580000]
[error occurred during error reporting (printing stack bounds), id 0xc0000005]

Native frames: (J=compiled Java code, j=interpreted, Vv=VM code, C=native code)


---------------  P R O C E S S  ---------------

Java Threads: ( => current thread )

Other Threads:

=>0x0000000002582800 (exited) JavaThread "Unknown thread" [_thread_in_vm, id=17528, stack(0x0000000002480000,0x0000000002580000)]

VM state:not at safepoint (normal execution)

VM Mutex/Monitor currently owned by a thread: None

heap address: 0x00000006c2400000, size: 4060 MB, Compressed Oops mode: Zero based, Oop shift amount: 3
Narrow klass base: 0x0000000000000000, Narrow klass shift: 3
Compressed class space size: 1073741824 Address: 0x00000007c0000000

Heap:
 PSYoungGen      total 75776K, used 1300K [0x000000076b700000, 0x0000000770b80000, 0x00000007c0000000)
  eden space 65024K, 2% used [0x000000076b700000,0x000000076b8451f8,0x000000076f680000)
  from space 10752K, 0% used [0x0000000770100000,0x0000000770100000,0x0000000770b80000)
  to   space 10752K, 0% used [0x000000076f680000,0x000000076f680000,0x0000000770100000)
 ParOldGen       total 173568K, used 0K [0x00000006c2400000, 0x00000006ccd80000, 0x000000076b700000)
  object space 173568K, 0% used [0x00000006c2400000,0x00000006c2400000,0x00000006ccd80000)
 Metaspace       used 779K, capacity 4480K, committed 4480K, reserved 1056768K
  class space    used 74K, capacity 384K, committed 384K, reserved 1048576K

Card table byte_map: [0x0000000011a40000,0x0000000012230000] byte_map_base: 0x000000000e42e000

Marking Bits: (ParMarkBitMap*) 0x000000007027f030
 Begin Bits: [0x0000000012f80000, 0x0000000016ef0000)
 End Bits:   [0x0000000016ef0000, 0x000000001ae60000)

Polling page: 0x0000000000c20000

CodeCache: size=245760Kb used=328Kb max_used=328Kb free=245431Kb
 bounds [0x0000000002680000, 0x00000000028f0000, 0x0000000011680000]
 total_blobs=57 nmethods=0 adapters=38
 compilation: enabled

Compilation events (0 events):
No events

GC Heap History (0 events):
No events

Deoptimization events (0 events):
No events

Classes redefined (0 events):
No events

Internal exceptions (0 events):
No events

Events (10 events):
Event: 0.019 loading class java/lang/Short
Event: 0.019 loading class java/lang/Short done
Event: 0.019 loading class java/lang/Integer
Event: 0.019 loading class java/lang/Integer done
Event: 0.019 loading class java/lang/Long
Event: 0.019 loading class java/lang/Long done
Event: 0.020 loading class java/lang/NullPointerException
Event: 0.020 loading class java/lang/NullPointerException done
Event: 0.020 loading class java/lang/ArithmeticException
Event: 0.020 loading class java/lang/ArithmeticException done


Dynamic libraries:
0x00007ff66e330000 - 0x00007ff66e361000 	C:\Program Files\Android\Android Studio\jre\jre\bin\java.exe
0x00007ffbbc160000 - 0x00007ffbbc350000 	C:\WINDOWS\SYSTEM32\ntdll.dll
0x00007ffbbab80000 - 0x00007ffbbac32000 	C:\WINDOWS\System32\KERNEL32.DLL
0x00007ffbb9e40000 - 0x00007ffbba0e4000 	C:\WINDOWS\System32\KERNELBASE.dll
0x00007ffbbb470000 - 0x00007ffbbb513000 	C:\WINDOWS\System32\ADVAPI32.dll
0x00007ffbba210000 - 0x00007ffbba2ae000 	C:\WINDOWS\System32\msvcrt.dll
0x00007ffbbbef0000 - 0x00007ffbbbf87000 	C:\WINDOWS\System32\sechost.dll
0x00007ffbbb5b0000 - 0x00007ffbbb6d0000 	C:\WINDOWS\System32\RPCRT4.dll
0x00007ffbbadf0000 - 0x00007ffbbaf84000 	C:\WINDOWS\System32\USER32.dll
0x00007ffbb9400000 - 0x00007ffbb9421000 	C:\WINDOWS\System32\win32u.dll
0x00007ffbbba10000 - 0x00007ffbbba36000 	C:\WINDOWS\System32\GDI32.dll
0x00007ffbb9230000 - 0x00007ffbb93c6000 	C:\WINDOWS\System32\gdi32full.dll
0x00007ffbba0f0000 - 0x00007ffbba18e000 	C:\WINDOWS\System32\msvcp_win.dll
0x00007ffbb9430000 - 0x00007ffbb952a000 	C:\WINDOWS\System32\ucrtbase.dll
0x00007ffbaabb0000 - 0x00007ffbaae34000 	C:\WINDOWS\WinSxS\amd64_microsoft.windows.common-controls_6595b64144ccf1df_6.0.18362.959_none_e6c7bbbf130c62bb\COMCTL32.dll
0x00007ffbbb6d0000 - 0x00007ffbbba05000 	C:\WINDOWS\System32\combase.dll
0x00007ffbb9cc0000 - 0x00007ffbb9d40000 	C:\WINDOWS\System32\bcryptPrimitives.dll
0x00007ffbba9a0000 - 0x00007ffbba9ce000 	C:\WINDOWS\System32\IMM32.DLL
0x0000000070810000 - 0x00000000708e2000 	C:\Program Files\Android\Android Studio\jre\jre\bin\msvcr100.dll
0x000000006fab0000 - 0x00000000702fb000 	C:\Program Files\Android\Android Studio\jre\jre\bin\server\jvm.dll
0x00007ffbbb530000 - 0x00007ffbbb538000 	C:\WINDOWS\System32\PSAPI.DLL
0x00007ffba9cf0000 - 0x00007ffba9cf9000 	C:\WINDOWS\SYSTEM32\WSOCK32.dll
0x00007ffbb0c00000 - 0x00007ffbb0c0a000 	C:\WINDOWS\SYSTEM32\VERSION.dll
0x00007ffbad340000 - 0x00007ffbad364000 	C:\WINDOWS\SYSTEM32\WINMM.dll
0x00007ffbbb540000 - 0x00007ffbbb5af000 	C:\WINDOWS\System32\WS2_32.dll
0x00007ffbac5c0000 - 0x00007ffbac5ed000 	C:\WINDOWS\SYSTEM32\winmmbase.dll
0x00007ffbb9d40000 - 0x00007ffbb9d8a000 	C:\WINDOWS\System32\cfgmgr32.dll
0x00007ffbb17f0000 - 0x00007ffbb17ff000 	C:\Program Files\Android\Android Studio\jre\jre\bin\verify.dll
0x00007ffbabd90000 - 0x00007ffbabdb9000 	C:\Program Files\Android\Android Studio\jre\jre\bin\java.dll
0x00007ffbabd60000 - 0x00007ffbabd76000 	C:\Program Files\Android\Android Studio\jre\jre\bin\zip.dll

VM Arguments:
java_command: org.jetbrains.git4idea.http.GitAskPassApp Username for 'https://github.com': 
java_class_path (initial): C:/Program Files/Android/Android Studio/plugins/git4idea/lib/git4idea-rt.jar;C:/Program Files/Android/Android Studio/lib/xmlrpc-2.0.1.jar;C:/Program Files/Android/Android Studio/lib/commons-codec-1.13.jar;C:/Program Files/Android/Android Studio/lib/util.jar
Launcher Type: SUN_STANDARD

Environment Variables:
PATH=C:\Program Files\Git\mingw64\libexec\git-core;C:\Program Files\Git\mingw64\libexec\git-core;C:\Program Files\Git\mingw64\bin;C:\Program Files\Git\usr\bin;C:\Users\sudhi\bin;C:\Program Files (x86)\TRICENTIS\Tosca Testsuite\Classic;C:\Program Files (x86)\TRICENTIS\Tosca Testsuite\ToscaCommander;C:\Program Files (x86)\TRICENTIS\Tosca Testsuite\Classic;C:\Program Files (x86)\TRICENTIS\Tosca Testsuite\Classic\dll;C:\Program Files (x86)\TRICENTIS\Tosca Testsuite\Classic\dll\GuptaEngine;C:\Program Files (x86)\TRICENTIS\Tosca Testsuite\ToscaCommander;C:\Program Files (x86)\TRICENTIS\Tosca Testsuite\Classic\dll\DelphiEngine;C:\Program Files (x86)\TRICENTIS\Tosca Testsuite\Classic\dll\PBEngine;C:\Program Files (x86)\TRICENTIS\Tosca Testsuite\Classic\dll\VBEngine;C:\Program Files (x86)\TRICENTIS\Tosca Testsuite\Classic\dll\DotNetHooking;C:\Program Files (x86)\TRICENTIS\Tosca Testsuite\TBox\Resources\Mobile\Tools;C:\Program Files\AdoptOpenJDK\jdk-11.0.4.11-hotspot\bin;C:\Program Files (x86)\Common Files\Oracle\Java\javapath;C:\Program Files\Intel\iCLS Client;C:\Windows\system32;C:\Windows;C:\Windows\System32\Wbem;C:\Windows\System32\WindowsPowerShell\v1.0;C:\Program Files (x86)\NVIDIA Corporation\PhysX\Common;C:\WINDOWS\system32;C:\WINDOWS;C:\WINDOWS\System32\Wbem;C:\WINDOWS\System32\WindowsPowerShell\v1.0;C:\WINDOWS\System32\OpenSSH;C:\Program Files (x86)\Intel\Intel(R) Management Engine Components\DAL;C:\Program Files\Intel\Intel(R) Management Engine Components\DAL;C:\Program Files\Git\cmd;C:\Users\sudhi\AppData\Local\Microsoft\WindowsApps;C:\ProgramData\sudhi\atom\bin;C:\Users\sudhi\AppData\Local\atom\bin;C:\Users\sudhi\AppData\Local\Google\Cloud SDK\google-cloud-sdk\bin
USERNAME=sudhi
DISPLAY=:0.0
OS=Windows_NT
PROCESSOR_IDENTIFIER=Intel64 Family 6 Model 158 Stepping 9, GenuineIntel



---------------  S Y S T E M  ---------------

OS: Windows 10.0 , 64 bit Build 18362 (10.0.18362.959)

CPU:total 8 (initial active 8) (4 cores per cpu, 2 threads per core) family 6 model 158 stepping 9, cmov, cx8, fxsr, mmx, sse, sse2, sse3, ssse3, sse4.1, sse4.2, popcnt, avx, avx2, aes, clmul, erms, 3dnowpref, lzcnt, ht, tsc, tscinvbit, bmi1, bmi2, adx

Memory: 4k page, physical 16625512k(3777696k free), swap 31374956k(5176k free)

vm_info: OpenJDK 64-Bit Server VM (25.242-b01) for windows-amd64 JRE (1.8.0_242-release-1644-b01), built by "builder" with MS VC++ 10.0 (VS2010)

time: Tue Jul 21 14:08:50 2020
timezone: Eastern Daylight Time
elapsed time: 0 seconds (0d 0h 0m 0s)

